2025-09-30 15:45:30,657 | WARNING | Skipping invalid row: {'\ufeffname': 'Krunal W', 'email': '224csd11@svitvasad.ac.in'}
2025-09-30 15:45:30,658 | WARNING | Skipping invalid row: {'\ufeffname': 'Tirth Rana', 'email': '225beceg002@svitvasad.ac.in'}
2025-09-30 15:45:30,658 | WARNING | Skipping invalid row: {'\ufeffname': 'Jwalin Patel', 'email': '225beceg014@svitvasad.ac.in'}
2025-09-30 15:45:30,658 | WARNING | Skipping invalid row: {'\ufeffname': 'Patel Dakshkumar Mukeshkumar', 'email': '24ce120@svitvasad.ac.in'}
2025-09-30 15:45:30,659 | WARNING | Skipping invalid row: {'\ufeffname': 'KARTIK PRAMODKUMAR THAKKAR ', 'email': '24ce126@svitvasad.ac.in'}
2025-09-30 15:45:30,659 | WARNING | Skipping invalid row: {'\ufeffname': 'Tithi Rana', 'email': '24ce130@svitvasad.ac.in'}
2025-09-30 15:45:30,660 | WARNING | Skipping invalid row: {'\ufeffname': 'Hemali ', 'email': '24ce136@svitvasad.ac.in'}
2025-09-30 15:45:30,660 | WARNING | Skipping invalid row: {'\ufeffname': 'PRITHIVIRAJ GANESH GORE', 'email': '24ce146@svitvasad.ac.in'}
2025-09-30 15:45:30,660 | WARNING | Skipping invalid row: {'\ufeffname': 'PRAJAPATI PRITESH KANTIBHAI', 'email': '24ce150@svitvasad.ac.in'}
2025-09-30 15:45:30,660 | WARNING | Skipping invalid row: {'\ufeffname': 'Ansh Darji ', 'email': '24ce15@svitvasad.ac.in'}
2025-09-30 15:45:30,661 | WARNING | Skipping invalid row: {'\ufeffname': 'Parikh Shreya Jashubhai ', 'email': '24ce165@svitvasad.ac.in'}
2025-09-30 15:45:30,661 | WARNING | Skipping invalid row: {'\ufeffname': 'Uttam Shukla', 'email': '24ce175@svitvasad.ac.in'}
2025-09-30 15:45:30,661 | WARNING | Skipping invalid row: {'\ufeffname': 'Parit Manishkumar Kharwa', 'email': '24ce182@svitvasad.ac.in'}
2025-09-30 15:45:30,662 | WARNING | Skipping invalid row: {'\ufeffname': 'Drashya Jadav', 'email': '24ce192@svitvasad.ac.in'}
2025-09-30 15:45:30,662 | WARNING | Skipping invalid row: {'\ufeffname': 'Rachit ', 'email': '24ce195@svitvasad.ac.in'}
2025-09-30 15:45:30,662 | WARNING | Skipping invalid row: {'\ufeffname': 'Vidhi Mistry', 'email': '24ce205@svitvasad.ac.in'}
2025-09-30 15:45:30,663 | WARNING | Skipping invalid row: {'\ufeffname': 'Vaishvik Parekh', 'email': '24ce215@svitvasad.ac.in'}
2025-09-30 15:45:30,663 | WARNING | Skipping invalid row: {'\ufeffname': 'PUNDRRIK CHAUHAN', 'email': '24ce48@svitvasad.ac.in'}
2025-09-30 15:45:30,664 | WARNING | Skipping invalid row: {'\ufeffname': 'Rudra Pandya', 'email': '24ce64@svitvasad.ac.in'}
2025-09-30 15:45:30,664 | WARNING | Skipping invalid row: {'\ufeffname': 'Yagnik Makwana', 'email': '24ce78@svitvasad.ac.in'}
2025-09-30 15:45:30,664 | WARNING | Skipping invalid row: {'\ufeffname': 'Krish Dalal ', 'email': '24ce79@svitvasad.ac.in'}
2025-09-30 15:45:30,665 | WARNING | Skipping invalid row: {'\ufeffname': 'Vishwa Ashok Mojidra', 'email': '24ce84@svitvasad.ac.in'}
2025-09-30 15:45:30,666 | WARNING | Skipping invalid row: {'\ufeffname': 'Dhobi Nikunjkumar Vijeshbhai ', 'email': '24ce92@svitvasad.ac.in'}
2025-09-30 15:45:30,667 | WARNING | Skipping invalid row: {'\ufeffname': 'Bhavya Shah', 'email': '24csd50@svitvasad.ac.in'}
2025-09-30 15:45:30,667 | WARNING | Skipping invalid row: {'\ufeffname': 'Preet', 'email': '24csd5@svit.ac.in'}
2025-09-30 15:45:30,667 | WARNING | Skipping invalid row: {'\ufeffname': 'Bhavya Patel', 'email': '24csd70@svitvasad.ac.in'}
2025-09-30 15:45:30,668 | WARNING | Skipping invalid row: {'\ufeffname': 'Kunj Rabari', 'email': '24csd73@svitvasad.ac.in'}
2025-09-30 15:45:30,668 | WARNING | Skipping invalid row: {'\ufeffname': 'Priyanshi Somani ', 'email': '24csd78@svitvasad.ac.in'}
2025-09-30 15:45:30,668 | WARNING | Skipping invalid row: {'\ufeffname': 'Yug Patel', 'email': '24it135@svitvasad.ac.in'}
2025-09-30 15:45:30,669 | WARNING | Skipping invalid row: {'\ufeffname': 'Aryan Pillai', 'email': '24it25@svitvasad.ac.in'}
2025-09-30 15:45:30,669 | WARNING | Skipping invalid row: {'\ufeffname': 'Baria Jalpkumar Satishkumar ', 'email': '24it43@svitvasad.ac.in'}
2025-09-30 15:45:30,669 | WARNING | Skipping invalid row: {'\ufeffname': 'Manali Bhatt ', 'email': '24it6@svitvasad.ac.in'}
2025-09-30 15:45:30,670 | WARNING | Skipping invalid row: {'\ufeffname': 'Drashti Shah ', 'email': '24it76@svitvasad.ac.in'}
2025-09-30 15:45:30,670 | WARNING | Skipping invalid row: {'\ufeffname': 'Tanvi Jagtap', 'email': '24it83@svitvasad.ac.in'}
2025-09-30 15:45:30,671 | WARNING | Skipping invalid row: {'\ufeffname': 'Agneloze Williams', 'email': 'agneloze.personal@gmail.com'}
2025-09-30 15:45:30,671 | WARNING | Skipping invalid row: {'\ufeffname': 'Aksh M Patel', 'email': 'aksh9016@gmail.com'}
2025-09-30 15:45:30,671 | WARNING | Skipping invalid row: {'\ufeffname': 'Yug Andadia', 'email': 'andadiayug@gmail.com'}
2025-09-30 15:45:30,672 | WARNING | Skipping invalid row: {'\ufeffname': 'Patel Anshkumar Bharatkumar ', 'email': 'anshxx29@gmail.com'}
2025-09-30 15:45:30,672 | WARNING | Skipping invalid row: {'\ufeffname': 'ARYAN', 'email': 'aryandesai82283@gmail.com'}
2025-09-30 15:45:30,672 | WARNING | Skipping invalid row: {'\ufeffname': 'Tanya Atrey', 'email': 'atreytanya946@gmail.com'}
2025-09-30 15:45:30,677 | WARNING | Skipping invalid row: {'\ufeffname': 'Kunal Baviskar ', 'email': 'baviskarkunal4406@gmail.com'}
2025-09-30 15:45:30,678 | WARNING | Skipping invalid row: {'\ufeffname': 'Aarya Bhatt', 'email': 'bhattaarya945@gmail.com'}
2025-09-30 15:45:30,680 | WARNING | Skipping invalid row: {'\ufeffname': 'Bhavya Prajapati ', 'email': 'bhavya4phone@gmail.com'}
2025-09-30 15:45:30,682 | WARNING | Skipping invalid row: {'\ufeffname': 'Mayur Bhoi', 'email': 'bhoimayur2411@gmail.com'}
2025-09-30 15:45:30,683 | WARNING | Skipping invalid row: {'\ufeffname': 'Mauli Rohitkumar Chauhan', 'email': 'chauhanmauli83@gmail.com'}
2025-09-30 15:45:30,684 | WARNING | Skipping invalid row: {'\ufeffname': 'Mauli rohitkumar chauhan', 'email': 'chauhanmauli@gmail.com'}
2025-09-30 15:45:30,685 | WARNING | Skipping invalid row: {'\ufeffname': 'Tanmay Das', 'email': 'cooltanmay02@gmail.com'}
2025-09-30 15:45:30,685 | WARNING | Skipping invalid row: {'\ufeffname': 'Darsh Rangwala ', 'email': 'darshrangwala@gmail.com'}
2025-09-30 15:45:30,687 | WARNING | Skipping invalid row: {'\ufeffname': 'Dattani Mitali ', 'email': 'dattanimitali@gmail.com'}
2025-09-30 15:45:30,688 | WARNING | Skipping invalid row: {'\ufeffname': 'Yash Dave', 'email': 'daveyash326@gmail.com'}
2025-09-30 15:45:30,688 | WARNING | Skipping invalid row: {'\ufeffname': 'HARSHIL D DESAI', 'email': 'desai.harshil2007@gmail.com'}
2025-09-30 15:45:30,689 | WARNING | Skipping invalid row: {'\ufeffname': 'Shreya ', 'email': 'deshmukh48shreya@gmail.com'}
2025-09-30 15:45:30,689 | WARNING | Skipping invalid row: {'\ufeffname': 'Devanshi Chaudhary ', 'email': 'devanshichaudhary06@gmail.com'}
2025-09-30 15:45:30,690 | WARNING | Skipping invalid row: {'\ufeffname': 'Dhairya patel', 'email': 'dhairyapatel2065@gmail.com'}
2025-09-30 15:45:30,691 | WARNING | Skipping invalid row: {'\ufeffname': 'Dhir Vekariya', 'email': 'dhirvek7@gmail.com'}
2025-09-30 15:45:30,691 | WARNING | Skipping invalid row: {'\ufeffname': 'Dhruvanshi Nimeshkumar Shah ', 'email': 'dhruvanshishah1@gmail.com'}
2025-09-30 15:45:30,692 | WARNING | Skipping invalid row: {'\ufeffname': 'Gohil Dhruv', 'email': 'dhruvgohil1424@gmail.com'}
2025-09-30 15:45:30,693 | WARNING | Skipping invalid row: {'\ufeffname': 'Dhruv Mahant', 'email': 'dhruvmahant06@gmail.com'}
2025-09-30 15:45:30,693 | WARNING | Skipping invalid row: {'\ufeffname': 'Divy soni', 'email': 'divy41248@gmail.com'}
2025-09-30 15:45:30,694 | WARNING | Skipping invalid row: {'\ufeffname': 'Diya Patel', 'email': 'diyapatell2812@gmail.com'}
2025-09-30 15:45:30,695 | WARNING | Skipping invalid row: {'\ufeffname': 'Freya Shah', 'email': 'freyashah42@gmail.com'}
2025-09-30 15:45:30,695 | WARNING | Skipping invalid row: {'\ufeffname': 'Harsh Parmar ', 'email': 'harshparmar25706@gmail.com'}
2025-09-30 15:45:30,696 | WARNING | Skipping invalid row: {'\ufeffname': 'Het Bharatkumar Patel ', 'email': 'hetp80362@gmail.com'}
2025-09-30 15:45:30,697 | WARNING | Skipping invalid row: {'\ufeffname': 'Himani Tilokani ', 'email': 'himanitilokani7@gmail.com'}
2025-09-30 15:45:30,698 | WARNING | Skipping invalid row: {'\ufeffname': 'Patel Isha', 'email': 'isha.p2206@gmail.com'}
2025-09-30 15:45:30,699 | WARNING | Skipping invalid row: {'\ufeffname': 'Isha patel', 'email': 'ishapatel9b38@gmail.com'}
2025-09-30 15:45:30,699 | WARNING | Skipping invalid row: {'\ufeffname': 'Jahanvi Shah', 'email': 'jahanvibshah@gmail.com'}
2025-09-30 15:45:30,700 | WARNING | Skipping invalid row: {'\ufeffname': 'Janhavhi Mahadev More', 'email': 'janhavhimore01@gmail.com'}
2025-09-30 15:45:30,700 | WARNING | Skipping invalid row: {'\ufeffname': 'Jaydeepsinh Jadeja ', 'email': 'jaydeepsinhjadeja2007@gmail.com'}
2025-09-30 15:45:30,701 | WARNING | Skipping invalid row: {'\ufeffname': 'Beldiya Jeet ', 'email': 'jeetbeladiya14@gmail.com'}
2025-09-30 15:45:30,701 | WARNING | Skipping invalid row: {'\ufeffname': 'Jils patel', 'email': 'jilspatel0044@gmail.com'}
2025-09-30 15:45:30,702 | WARNING | Skipping invalid row: {'\ufeffname': 'Shaikh Kaif Nasirahmed', 'email': 'kaif2006opop@gmail.com'}
2025-09-30 15:45:30,702 | WARNING | Skipping invalid row: {'\ufeffname': 'Kakkad Harshil', 'email': 'kakkadharshil1@gmail.com'}
2025-09-30 15:45:30,703 | WARNING | Skipping invalid row: {'\ufeffname': 'Keshvee Tanna', 'email': 'keshveetanna25@gmail.com'}
2025-09-30 15:45:30,703 | WARNING | Skipping invalid row: {'\ufeffname': 'Keyur ', 'email': 'keyurparmar923@gmail.com'}
2025-09-30 15:45:30,704 | WARNING | Skipping invalid row: {'\ufeffname': 'Khushi', 'email': 'khushikachhadiya2024@gmail.com'}
2025-09-30 15:45:30,704 | WARNING | Skipping invalid row: {'\ufeffname': 'Thakkar Khushi ', 'email': 'khushithakkar0210@gmail.com'}
2025-09-30 15:45:30,705 | WARNING | Skipping invalid row: {'\ufeffname': 'Krish panchal', 'email': 'krishpanchal1957@gmail.com'}
2025-09-30 15:45:30,705 | WARNING | Skipping invalid row: {'\ufeffname': 'Krupa Prajapati', 'email': 'krupaprajapati1011@gmail.com'}
2025-09-30 15:45:30,705 | WARNING | Skipping invalid row: {'\ufeffname': 'Krupa Prajapati', 'email': 'krupaprajapati6667@gmail.com'}
2025-09-30 15:45:30,706 | WARNING | Skipping invalid row: {'\ufeffname': 'Krutarth Shah ', 'email': 'krutarthshah2006@gmail.com'}
2025-09-30 15:45:30,706 | WARNING | Skipping invalid row: {'\ufeffname': 'Atharva Kulkarni', 'email': 'kulkarniatharva529@gmail.com'}
2025-09-30 15:45:30,707 | WARNING | Skipping invalid row: {'\ufeffname': 'Kush Patel', 'email': 'kushpatel0700@gmail.com'}
2025-09-30 15:45:30,707 | WARNING | Skipping invalid row: {'\ufeffname': 'Jatin Maheshwari ', 'email': 'maheshwarijatin80@gmail.com'}
2025-09-30 15:45:30,707 | WARNING | Skipping invalid row: {'\ufeffname': 'Malav Gandhi', 'email': 'malav.gandhi15@outlook.com'}
2025-09-30 15:45:30,707 | WARNING | Skipping invalid row: {'\ufeffname': 'Manushi Pancholi', 'email': 'manushi.pancholi06@gmail.com'}
2025-09-30 15:45:30,708 | WARNING | Skipping invalid row: {'\ufeffname': 'Mayank Gohil', 'email': 'mayankumar.gohil6474@gmail.com'}
2025-09-30 15:45:30,708 | WARNING | Skipping invalid row: {'\ufeffname': 'meet prajapati', 'email': 'meetprajapati150109@gmail.com'}
2025-09-30 15:45:30,708 | WARNING | Skipping invalid row: {'\ufeffname': 'Mit Vaghani', 'email': 'meetvaghani0104@gmail.com'}
2025-09-30 15:45:30,709 | WARNING | Skipping invalid row: {'\ufeffname': 'Het Mehta', 'email': 'mehtahet39@gmail.com'}
2025-09-30 15:45:30,709 | WARNING | Skipping invalid row: {'\ufeffname': 'Miral Divyeshbhai Bhalani ', 'email': 'miralbhalani2020@gmail.com'}
2025-09-30 15:45:30,710 | WARNING | Skipping invalid row: {'\ufeffname': 'Sonigara Manthan Kamlesh ', 'email': 'mksonigara21@gmail.com'}
2025-09-30 15:45:30,710 | WARNING | Skipping invalid row: {'\ufeffname': 'Akash Maurya ', 'email': 'mrakashh0401@gmail.com'}
2025-09-30 15:45:30,711 | WARNING | Skipping invalid row: {'\ufeffname': 'Neev Vaghani ', 'email': 'n.vaghani.p@gmail.com'}
2025-09-30 15:45:30,711 | WARNING | Skipping invalid row: {'\ufeffname': 'Shah Neel Mayurkumar ', 'email': 'neelshah1783@gmail.com'}
2025-09-30 15:45:30,711 | WARNING | Skipping invalid row: {'\ufeffname': 'Neev Patel', 'email': 'neev21patel@gmail.com'}
2025-09-30 15:45:30,712 | WARNING | Skipping invalid row: {'\ufeffname': 'Patel Nehanshi ', 'email': 'nehanshipatel7@gmail.com'}
2025-09-30 15:45:30,712 | WARNING | Skipping invalid row: {'\ufeffname': 'Shah nidhi brajeshkumar ', 'email': 'nidhishah19097@gmail.com'}
2025-09-30 15:45:30,712 | WARNING | Skipping invalid row: {'\ufeffname': 'NITYA Shah', 'email': 'nityashah07072006@gmail.com'}
2025-09-30 15:45:30,713 | WARNING | Skipping invalid row: {'\ufeffname': 'OM ADHYARU', 'email': 'omadhyaru2007@gmail.com'}
2025-09-30 15:45:30,713 | WARNING | Skipping invalid row: {'\ufeffname': 'Mahir Parekh', 'email': 'parekhmahir14@gmail.com'}
2025-09-30 15:45:30,714 | WARNING | Skipping invalid row: {'\ufeffname': 'Vishwa Parekh ', 'email': 'parekhvishwa44@gmail.com'}
2025-09-30 15:45:30,714 | WARNING | Skipping invalid row: {'\ufeffname': 'Parmar Om Kiransinh ', 'email': 'parmaro181@gmail.com'}
2025-09-30 15:45:30,714 | WARNING | Skipping invalid row: {'\ufeffname': 'Parthiv  Bhatiya ', 'email': 'parthivbhatiya2412@gmail.com'}
2025-09-30 15:45:30,715 | WARNING | Skipping invalid row: {'\ufeffname': 'Patel Parthkumar Amrutbhai', 'email': 'parthpatel71791@gmail.com'}
2025-09-30 15:45:30,715 | WARNING | Skipping invalid row: {'\ufeffname': 'Parth Thakkar ', 'email': 'parththakkar1907@gmail.com'}
2025-09-30 15:45:30,715 | WARNING | Skipping invalid row: {'\ufeffname': 'Patel Het Bharatbhai ', 'email': 'patel131106@gmail.com'}
2025-09-30 15:45:30,716 | WARNING | Skipping invalid row: {'\ufeffname': 'Heer patel', 'email': 'patelheer25407@gmail.com'}
2025-09-30 15:45:30,716 | WARNING | Skipping invalid row: {'\ufeffname': 'Jainil Patel', 'email': 'pateljainil14000@gmail.com'}
2025-09-30 15:45:30,716 | WARNING | Skipping invalid row: {'\ufeffname': 'Kavya Patel ', 'email': 'patelkavya671@gmail.com'}
2025-09-30 15:45:30,717 | WARNING | Skipping invalid row: {'\ufeffname': 'Patel Rudra', 'email': 'patelmanojkumar2108@gmail.com'}
2025-09-30 15:45:30,717 | WARNING | Skipping invalid row: {'\ufeffname': 'Patel Parth M', 'email': 'patelparth01304@gmail.com'}
2025-09-30 15:45:30,718 | WARNING | Skipping invalid row: {'\ufeffname': 'Prakruti Patel', 'email': 'patelprakruti702@gmail.com'}
2025-09-30 15:45:30,718 | WARNING | Skipping invalid row: {'\ufeffname': 'PATEL TITHI', 'email': 'pateltithi0205@gmail.com'}
2025-09-30 15:45:30,719 | WARNING | Skipping invalid row: {'\ufeffname': 'Patel Ved Chirag', 'email': 'patelvedchirag@gmail.com'}
2025-09-30 15:45:30,719 | WARNING | Skipping invalid row: {'\ufeffname': 'Prachi J Chauhan', 'email': 'prachichau63@gmail.com'}
2025-09-30 15:45:30,720 | WARNING | Skipping invalid row: {'\ufeffname': 'Prachi Jha', 'email': 'prachijha757@gmail.com'}
2025-09-30 15:45:30,720 | WARNING | Skipping invalid row: {'\ufeffname': 'Kunjan Prajapati ', 'email': 'prajapatikunjan631@gmail.com'}
2025-09-30 15:45:30,721 | WARNING | Skipping invalid row: {'\ufeffname': 'PRAJAPATI TAKSHKUMAR MUKESHKUMAR ', 'email': 'prajapatitaksh209@gmail.com'}
2025-09-30 15:45:30,721 | WARNING | Skipping invalid row: {'\ufeffname': 'Pranav J Bhatt', 'email': 'pranavjbhatt21@gmail.com'}
2025-09-30 15:45:30,721 | WARNING | Skipping invalid row: {'\ufeffname': 'Prem Shekhawat', 'email': 'premshekhawat2006@gmail.com'}
2025-09-30 15:45:30,722 | WARNING | Skipping invalid row: {'\ufeffname': 'Priyanshu Shukla ', 'email': 'priyanshushukla855@gmail.com'}
2025-09-30 15:45:30,722 | WARNING | Skipping invalid row: {'\ufeffname': 'Purvish Chhatriwala', 'email': 'purvishchhatriwala9@gmail.com'}
2025-09-30 15:45:30,723 | WARNING | Skipping invalid row: {'\ufeffname': 'Padhiyar Pushparajsinh Ashokkumar ', 'email': 'pushparajpadhiyar24@gmail.com'}
2025-09-30 15:45:30,723 | WARNING | Skipping invalid row: {'\ufeffname': 'Rahul Samariya', 'email': 'rahulsamariya008@gmail.com'}
2025-09-30 15:45:30,723 | WARNING | Skipping invalid row: {'\ufeffname': 'Rana sujal pinakin ', 'email': 'rana.sujal2612@gmail.com'}
2025-09-30 15:45:30,724 | WARNING | Skipping invalid row: {'\ufeffname': 'Raj Dhrumil', 'email': 'rdhrumil0@gmail.com'}
2025-09-30 15:45:30,724 | WARNING | Skipping invalid row: {'\ufeffname': 'Manasvi Trivedi', 'email': 'reach2manasvi@gmail.com'}
2025-09-30 15:45:30,725 | WARNING | Skipping invalid row: {'\ufeffname': 'Riddhi patel', 'email': 'riddhidpatel2008@gmail.com'}
2025-09-30 15:45:30,725 | WARNING | Skipping invalid row: {'\ufeffname': 'Ritesh Tolani ', 'email': 'riteshtolani0905@gmail.com'}
2025-09-30 15:45:30,725 | WARNING | Skipping invalid row: {'\ufeffname': 'Rudra Patel ', 'email': 'rmpatel@gmail.com'}
2025-09-30 15:45:30,726 | WARNING | Skipping invalid row: {'\ufeffname': 'Rudra P Dabhi', 'email': 'rudrapravinsinhdabhi@gmail.com'}
2025-09-30 15:45:30,726 | WARNING | Skipping invalid row: {'\ufeffname': 'Sadhu Riddhi', 'email': 'sadhuriddhi15@gmail.com'}
2025-09-30 15:45:30,726 | WARNING | Skipping invalid row: {'\ufeffname': 'Sampada Sabnis ', 'email': 'sam.manu109@gmail.com'}
2025-09-30 15:45:30,727 | WARNING | Skipping invalid row: {'\ufeffname': 'Saumya Patel', 'email': 'saumyapatel77777@gmail.com'}
2025-09-30 15:45:30,727 | WARNING | Skipping invalid row: {'\ufeffname': 'Krrish Shah ', 'email': 'shahkrrish2006@gmail.com'}
2025-09-30 15:45:30,727 | WARNING | Skipping invalid row: {'\ufeffname': 'Rishabh shah', 'email': 'shahricky4314332@gmail.com'}
2025-09-30 15:45:30,728 | WARNING | Skipping invalid row: {'\ufeffname': 'Geet ', 'email': 'sharmageetyash99@gmail.com'}
2025-09-30 15:45:30,728 | WARNING | Skipping invalid row: {'\ufeffname': 'Sharman Rawat', 'email': 'sharmanrawat495@gmail.com'}
2025-09-30 15:45:30,729 | WARNING | Skipping invalid row: {'\ufeffname': 'Aesha Shah', 'email': 'shash56212@gmail.com'}
2025-09-30 15:45:30,729 | WARNING | Skipping invalid row: {'\ufeffname': 'Shlok Patel ', 'email': 'shlok.uttam.sep2006@gmail.com'}
2025-09-30 15:45:30,729 | WARNING | Skipping invalid row: {'\ufeffname': 'Siddharth Jena', 'email': 'siddharthjena2007@gmail.com'}
2025-09-30 15:45:30,730 | WARNING | Skipping invalid row: {'\ufeffname': 'Smit Bheda', 'email': 'smitbheda07@gmail.com'}
2025-09-30 15:45:30,730 | WARNING | Skipping invalid row: {'\ufeffname': 'Smit Kharva', 'email': 'smitkharva6@gmail.com'}
2025-09-30 15:45:30,730 | WARNING | Skipping invalid row: {'\ufeffname': 'Taha Bardanwala', 'email': 'tahabardanwala53@gmail.com'}
2025-09-30 15:45:30,731 | WARNING | Skipping invalid row: {'\ufeffname': 'Kokas Tanvi', 'email': 'tanvikokas17@gmail.com'}
2025-09-30 15:45:30,731 | WARNING | Skipping invalid row: {'\ufeffname': 'Teerth Patel', 'email': 'teerthpatel1091@gmail.com'}
2025-09-30 15:45:30,731 | WARNING | Skipping invalid row: {'\ufeffname': 'Krrish Thakkar ', 'email': 'thakkarkrrish33@gmail.com'}
2025-09-30 15:45:30,732 | WARNING | Skipping invalid row: {'\ufeffname': 'Thakkar Sweni Jayendrabhai ', 'email': 'thakkarsweni29@gmail.com'}
2025-09-30 15:45:30,732 | WARNING | Skipping invalid row: {'\ufeffname': 'Ved Parekh', 'email': 'thevedparekh@gmail.com'}
2025-09-30 15:45:30,733 | WARNING | Skipping invalid row: {'\ufeffname': 'Tirth Darji ', 'email': 'tirthdarji1911@gmail.com'}
2025-09-30 15:45:30,733 | WARNING | Skipping invalid row: {'\ufeffname': 'Vatsal patel', 'email': 'vatsalpatel13092006@gmail.com'}
2025-09-30 15:45:30,734 | WARNING | Skipping invalid row: {'\ufeffname': 'Vedant Suthar ', 'email': 'vedant142326@gmail.com'}
2025-09-30 15:45:30,734 | WARNING | Skipping invalid row: {'\ufeffname': 'Vedant', 'email': 'vedantdalal7116@gmail.com'}
2025-09-30 15:45:30,735 | WARNING | Skipping invalid row: {'\ufeffname': 'Jiya Vimal Dixit ', 'email': 'vimal14020@gmail.com'}
2025-09-30 15:45:30,735 | WARNING | Skipping invalid row: {'\ufeffname': 'SUTHAR VRAJ SANDEEPBHAI ', 'email': 'vrajsuthar1805@gmail.com'}
2025-09-30 15:45:30,735 | WARNING | Skipping invalid row: {'\ufeffname': 'Yash Majmudar', 'email': 'yashmajmudar04@gmail.com'}
2025-09-30 15:45:30,735 | WARNING | Skipping invalid row: {'\ufeffname': 'Yash Panchal', 'email': 'ynp9662@gmail.com'}
2025-09-30 15:45:30,736 | WARNING | Skipping invalid row: {'\ufeffname': 'Yug Patel', 'email': 'yug.patel0206@gmail.com'}
2025-09-30 15:45:58,704 | INFO | Generated certificate for Krunal W: personalized_certs\krunal_w.pdf
2025-09-30 15:45:58,705 | INFO | [DRY_RUN] Would email 224csd11@svitvasad.ac.in with personalized_certs\krunal_w.pdf
2025-09-30 15:45:59,835 | INFO | Generated certificate for Tirth Rana: personalized_certs\tirth_rana.pdf
2025-09-30 15:45:59,835 | INFO | [DRY_RUN] Would email 225beceg002@svitvasad.ac.in with personalized_certs\tirth_rana.pdf
2025-09-30 15:45:59,836 | INFO | Limit reached (2). Stopping.
2025-09-30 15:49:00,890 | INFO | Generated certificate for Krunal W: personalized_certs\krunal_w.pdf
2025-09-30 15:49:00,891 | INFO | [DRY_RUN] Would email 224csd11@svitvasad.ac.in with personalized_certs\krunal_w.pdf
2025-09-30 15:49:00,891 | INFO | Limit reached (1). Stopping.
2025-09-30 15:49:19,201 | INFO | Generated certificate for Krunal W: personalized_certs\krunal_w.pdf
2025-09-30 15:49:19,202 | INFO | [DRY_RUN] Would email 224csd11@svitvasad.ac.in with personalized_certs\krunal_w.pdf
2025-09-30 15:49:19,202 | INFO | Limit reached (1). Stopping.
2025-09-30 15:51:47,305 | INFO | Generated certificate for Krunal W: personalized_certs\krunal_w.pdf
2025-09-30 15:51:47,306 | INFO | [DRY_RUN] Would email 224csd11@svitvasad.ac.in with personalized_certs\krunal_w.pdf
2025-09-30 15:51:47,306 | INFO | Limit reached (1). Stopping.
2025-09-30 15:56:40,220 | INFO | Generated certificate for Krunal W: personalized_certs\krunal_w.pdf
2025-09-30 15:56:40,222 | INFO | [DRY_RUN] Would email 224csd11@svitvasad.ac.in with personalized_certs\krunal_w.pdf
2025-09-30 15:56:40,222 | INFO | Limit reached (1). Stopping.
2025-09-30 15:57:55,054 | INFO | Generated certificate for Krunal W: personalized_certs\krunal_w.pdf
2025-09-30 15:57:55,055 | INFO | [DRY_RUN] Would email 224csd11@svitvasad.ac.in with personalized_certs\krunal_w.pdf
2025-09-30 15:57:56,181 | INFO | Generated certificate for Tirth Rana: personalized_certs\tirth_rana.pdf
2025-09-30 15:57:56,181 | INFO | [DRY_RUN] Would email 225beceg002@svitvasad.ac.in with personalized_certs\tirth_rana.pdf
2025-09-30 15:57:57,339 | INFO | Generated certificate for Jwalin Patel: personalized_certs\jwalin_patel.pdf
2025-09-30 15:57:57,340 | INFO | [DRY_RUN] Would email 225beceg014@svitvasad.ac.in with personalized_certs\jwalin_patel.pdf
2025-09-30 15:57:58,461 | INFO | Generated certificate for Patel Dakshkumar Mukeshkumar: personalized_certs\patel_dakshkumar_mukeshkumar.pdf
2025-09-30 15:57:58,461 | INFO | [DRY_RUN] Would email 24ce120@svitvasad.ac.in with personalized_certs\patel_dakshkumar_mukeshkumar.pdf
2025-09-30 15:57:58,462 | INFO | Limit reached (4). Stopping.
2025-09-30 16:19:29,624 | INFO | Generated certificate for Krunal W: personalized_certs\krunal_w.pdf
2025-09-30 16:20:05,725 | INFO | Email sent to 224csd11@svitvasad.ac.in with krunal_w.pdf
2025-09-30 16:20:05,729 | INFO | Limit reached (1). Stopping.
2025-09-30 16:23:09,312 | INFO | Generated certificate for Ashutosh: personalized_certs\ashutosh.pdf
2025-09-30 16:23:45,581 | INFO | Email sent to asbh7190@gmail.com with ashutosh.pdf
2025-09-30 16:23:45,584 | INFO | Limit reached (1). Stopping.
2025-09-30 16:26:44,461 | INFO | Generated certificate for Ashutosh: personalized_certs\ashutosh.pdf
2025-09-30 16:26:48,413 | INFO | Email sent to asbh7190@gmail.com (no attachment)
2025-09-30 16:26:48,414 | INFO | Limit reached (1). Stopping.
2025-09-30 16:27:05,632 | INFO | Generated certificate for Ashutosh: personalized_certs\ashutosh.pdf
2025-09-30 16:27:41,630 | INFO | Email sent to asbh7190@gmail.com with ashutosh.pdf
2025-09-30 16:27:41,631 | INFO | Limit reached (1). Stopping.
2025-09-30 16:28:12,193 | INFO | Generated certificate for Ashutosh: personalized_certs\ashutosh.pdf
2025-09-30 16:28:47,935 | INFO | Email sent to asbh7190@gmail.com with ashutosh.pdf
2025-09-30 16:28:49,044 | INFO | Generated certificate for Krunal W: personalized_certs\krunal_w.pdf
2025-09-30 16:29:23,990 | INFO | Email sent to 224csd11@svitvasad.ac.in with krunal_w.pdf
2025-09-30 16:29:25,087 | INFO | Generated certificate for Tirth Rana: personalized_certs\tirth_rana.pdf

2025-09-30 16:30:59,604 | INFO | Generated certificate for Ashutosh: personalized_certs\ashutosh.pdf
2025-09-30 16:31:35,619 | INFO | Email sent to asbh7190@gmail.com with ashutosh.pdf
2025-09-30 16:31:36,752 | INFO | Generated certificate for Krunal W: personalized_certs\krunal_w.pdf
2025-09-30 16:32:13,411 | INFO | Email sent to 224csd11@svitvasad.ac.in with krunal_w.pdf
2025-09-30 16:32:14,520 | INFO | Generated certificate for Tirth Rana: personalized_certs\tirth_rana.pdf
2025-09-30 16:32:51,547 | INFO | Email sent to 225beceg002@svitvasad.ac.in with tirth_rana.pdf
2025-09-30 16:32:51,548 | INFO | Limit reached (3). Stopping.
2025-09-30 16:33:19,838 | INFO | Generated certificate for Ashutosh: personalized_certs\ashutosh.pdf
2025-09-30 16:33:58,355 | INFO | Email sent to asbh7190@gmail.com with ashutosh.pdf
2025-09-30 16:33:59,442 | INFO | Generated certificate for Krunal W: personalized_certs\krunal_w.pdf
2025-09-30 16:34:34,405 | INFO | Email sent to 224csd11@svitvasad.ac.in with krunal_w.pdf
2025-09-30 16:34:35,632 | INFO | Generated certificate for Tirth Rana: personalized_certs\tirth_rana.pdf
2025-09-30 16:35:12,072 | INFO | Email sent to 225beceg002@svitvasad.ac.in with tirth_rana.pdf
2025-09-30 16:35:13,162 | INFO | Generated certificate for Jwalin Patel: personalized_certs\jwalin_patel.pdf
2025-09-30 16:35:49,576 | INFO | Email sent to 225beceg014@svitvasad.ac.in with jwalin_patel.pdf
2025-09-30 16:35:50,664 | INFO | Generated certificate for Patel Dakshkumar Mukeshkumar: personalized_certs\patel_dakshkumar_mukeshkumar.pdf
2025-09-30 16:36:26,421 | INFO | Email sent to 24ce120@svitvasad.ac.in with patel_dakshkumar_mukeshkumar.pdf
2025-09-30 16:36:27,514 | INFO | Generated certificate for KARTIK PRAMODKUMAR THAKKAR: personalized_certs\kartik_pramodkumar_thakkar.pdf
2025-09-30 16:37:03,947 | INFO | Email sent to 24ce126@svitvasad.ac.in with kartik_pramodkumar_thakkar.pdf
2025-09-30 16:37:05,081 | INFO | Generated certificate for Tithi Rana: personalized_certs\tithi_rana.pdf
2025-09-30 16:37:42,870 | INFO | Email sent to 24ce130@svitvasad.ac.in with tithi_rana.pdf
2025-09-30 16:37:43,982 | INFO | Generated certificate for Hemali: personalized_certs\hemali.pdf
2025-09-30 16:38:19,658 | INFO | Email sent to 24ce136@svitvasad.ac.in with hemali.pdf
2025-09-30 16:38:20,751 | INFO | Generated certificate for PRITHIVIRAJ GANESH GORE: personalized_certs\prithiviraj_ganesh_gore.pdf
2025-09-30 16:38:56,977 | INFO | Email sent to 24ce146@svitvasad.ac.in with prithiviraj_ganesh_gore.pdf
2025-09-30 16:38:58,076 | INFO | Generated certificate for PRAJAPATI PRITESH KANTIBHAI: personalized_certs\prajapati_pritesh_kantibhai.pdf
2025-09-30 16:39:35,082 | INFO | Email sent to 24ce150@svitvasad.ac.in with prajapati_pritesh_kantibhai.pdf
2025-09-30 16:39:36,182 | INFO | Generated certificate for Ansh Darji: personalized_certs\ansh_darji.pdf
2025-09-30 16:40:11,378 | INFO | Email sent to 24ce15@svitvasad.ac.in with ansh_darji.pdf
2025-09-30 16:40:12,667 | INFO | Generated certificate for Parikh Shreya Jashubhai: personalized_certs\parikh_shreya_jashubhai.pdf
2025-09-30 16:40:49,291 | INFO | Email sent to 24ce165@svitvasad.ac.in with parikh_shreya_jashubhai.pdf
2025-09-30 16:40:50,399 | INFO | Generated certificate for Uttam Shukla: personalized_certs\uttam_shukla.pdf
2025-09-30 16:41:26,762 | INFO | Email sent to 24ce175@svitvasad.ac.in with uttam_shukla.pdf
2025-09-30 16:41:27,849 | INFO | Generated certificate for Parit Manishkumar Kharwa: personalized_certs\parit_manishkumar_kharwa.pdf
2025-09-30 16:42:03,539 | INFO | Email sent to 24ce182@svitvasad.ac.in with parit_manishkumar_kharwa.pdf
2025-09-30 16:42:04,627 | INFO | Generated certificate for Drashya Jadav: personalized_certs\drashya_jadav.pdf
2025-09-30 16:42:40,953 | INFO | Email sent to 24ce192@svitvasad.ac.in with drashya_jadav.pdf
2025-09-30 16:42:42,065 | INFO | Generated certificate for Rachit: personalized_certs\rachit.pdf
2025-09-30 16:43:17,580 | INFO | Email sent to 24ce195@svitvasad.ac.in with rachit.pdf
2025-09-30 16:43:18,757 | INFO | Generated certificate for Vidhi Mistry: personalized_certs\vidhi_mistry.pdf
2025-09-30 16:43:55,332 | INFO | Email sent to 24ce205@svitvasad.ac.in with vidhi_mistry.pdf
2025-09-30 16:43:56,515 | INFO | Generated certificate for Vaishvik Parekh: personalized_certs\vaishvik_parekh.pdf
2025-09-30 16:44:31,545 | INFO | Email sent to 24ce215@svitvasad.ac.in with vaishvik_parekh.pdf
2025-09-30 16:44:32,731 | INFO | Generated certificate for PUNDRRIK CHAUHAN: personalized_certs\pundrrik_chauhan.pdf
2025-09-30 16:45:09,070 | INFO | Email sent to 24ce48@svitvasad.ac.in with pundrrik_chauhan.pdf
2025-09-30 16:45:10,253 | INFO | Generated certificate for Rudra Pandya: personalized_certs\rudra_pandya.pdf
2025-09-30 16:45:45,157 | INFO | Email sent to 24ce64@svitvasad.ac.in with rudra_pandya.pdf
2025-09-30 16:45:46,324 | INFO | Generated certificate for Yagnik Makwana: personalized_certs\yagnik_makwana.pdf
2025-09-30 16:46:22,008 | INFO | Email sent to 24ce78@svitvasad.ac.in with yagnik_makwana.pdf
2025-09-30 16:46:23,105 | INFO | Generated certificate for Krish Dalal: personalized_certs\krish_dalal.pdf
2025-09-30 16:47:00,064 | INFO | Email sent to 24ce79@svitvasad.ac.in with krish_dalal.pdf
2025-09-30 16:47:01,185 | INFO | Generated certificate for Vishwa Ashok Mojidra: personalized_certs\vishwa_ashok_mojidra.pdf
2025-09-30 16:47:37,255 | INFO | Email sent to 24ce84@svitvasad.ac.in with vishwa_ashok_mojidra.pdf
2025-09-30 16:47:38,366 | INFO | Generated certificate for Dhobi Nikunjkumar Vijeshbhai: personalized_certs\dhobi_nikunjkumar_vijeshbhai.pdf
2025-09-30 16:48:15,963 | INFO | Email sent to 24ce92@svitvasad.ac.in with dhobi_nikunjkumar_vijeshbhai.pdf
2025-09-30 16:48:17,091 | INFO | Generated certificate for Bhavya Shah: personalized_certs\bhavya_shah.pdf
2025-09-30 16:48:52,771 | INFO | Email sent to 24csd50@svitvasad.ac.in with bhavya_shah.pdf
2025-09-30 16:48:53,899 | INFO | Generated certificate for Preet: personalized_certs\preet.pdf
2025-09-30 16:49:30,480 | INFO | Email sent to 24csd5@svit.ac.in with preet.pdf
2025-09-30 16:49:31,654 | INFO | Generated certificate for Bhavya Patel: personalized_certs\bhavya_patel.pdf
2025-09-30 16:50:08,674 | INFO | Email sent to 24csd70@svitvasad.ac.in with bhavya_patel.pdf
2025-09-30 16:50:09,839 | INFO | Generated certificate for Kunj Rabari: personalized_certs\kunj_rabari.pdf
2025-09-30 16:50:47,523 | INFO | Email sent to 24csd73@svitvasad.ac.in with kunj_rabari.pdf
2025-09-30 16:50:48,620 | INFO | Generated certificate for Priyanshi Somani: personalized_certs\priyanshi_somani.pdf
2025-09-30 16:51:24,911 | INFO | Email sent to 24csd78@svitvasad.ac.in with priyanshi_somani.pdf
2025-09-30 16:51:26,010 | INFO | Generated certificate for Yug Patel: personalized_certs\yug_patel.pdf
2025-09-30 16:52:01,433 | INFO | Email sent to 24it135@svitvasad.ac.in with yug_patel.pdf
2025-09-30 16:52:02,644 | INFO | Generated certificate for Aryan Pillai: personalized_certs\aryan_pillai.pdf
2025-09-30 16:52:38,294 | INFO | Email sent to 24it25@svitvasad.ac.in with aryan_pillai.pdf
2025-09-30 16:52:39,519 | INFO | Generated certificate for Baria Jalpkumar Satishkumar: personalized_certs\baria_jalpkumar_satishkumar.pdf
2025-09-30 16:53:15,467 | INFO | Email sent to 24it43@svitvasad.ac.in with baria_jalpkumar_satishkumar.pdf
2025-09-30 16:53:16,654 | INFO | Generated certificate for Manali Bhatt: personalized_certs\manali_bhatt.pdf
2025-09-30 16:53:53,152 | INFO | Email sent to 24it6@svitvasad.ac.in with manali_bhatt.pdf
2025-09-30 16:53:54,372 | INFO | Generated certificate for Drashti Shah: personalized_certs\drashti_shah.pdf
2025-09-30 16:54:30,210 | INFO | Email sent to 24it76@svitvasad.ac.in with drashti_shah.pdf
2025-09-30 16:54:31,454 | INFO | Generated certificate for Tanvi Jagtap: personalized_certs\tanvi_jagtap.pdf
2025-09-30 16:55:07,499 | INFO | Email sent to 24it83@svitvasad.ac.in with tanvi_jagtap.pdf
2025-09-30 16:55:08,706 | INFO | Generated certificate for Agneloze Williams: personalized_certs\agneloze_williams.pdf
2025-09-30 16:55:44,020 | INFO | Email sent to agneloze.personal@gmail.com with agneloze_williams.pdf
2025-09-30 16:55:45,184 | INFO | Generated certificate for Aksh M Patel: personalized_certs\aksh_m_patel.pdf
2025-09-30 16:56:20,023 | INFO | Email sent to aksh9016@gmail.com with aksh_m_patel.pdf
2025-09-30 16:56:21,271 | INFO | Generated certificate for Yug Andadia: personalized_certs\yug_andadia.pdf
2025-09-30 16:56:57,896 | INFO | Email sent to andadiayug@gmail.com with yug_andadia.pdf
2025-09-30 16:56:59,000 | INFO | Generated certificate for Patel Anshkumar Bharatkumar: personalized_certs\patel_anshkumar_bharatkumar.pdf
2025-09-30 16:57:42,857 | INFO | Email sent to anshxx29@gmail.com with patel_anshkumar_bharatkumar.pdf
2025-09-30 16:57:44,080 | INFO | Generated certificate for ARYAN: personalized_certs\aryan.pdf
2025-09-30 16:58:19,886 | INFO | Email sent to aryandesai82283@gmail.com with aryan.pdf
2025-09-30 16:58:21,067 | INFO | Generated certificate for Tanya Atrey: personalized_certs\tanya_atrey.pdf
2025-09-30 16:58:56,520 | INFO | Email sent to atreytanya946@gmail.com with tanya_atrey.pdf
2025-09-30 16:58:57,833 | INFO | Generated certificate for Kunal Baviskar: personalized_certs\kunal_baviskar.pdf
2025-09-30 16:59:33,591 | INFO | Email sent to baviskarkunal4406@gmail.com with kunal_baviskar.pdf
2025-09-30 16:59:34,809 | INFO | Generated certificate for Aarya Bhatt: personalized_certs\aarya_bhatt.pdf
2025-09-30 17:00:11,610 | INFO | Email sent to bhattaarya945@gmail.com with aarya_bhatt.pdf
2025-09-30 17:00:12,740 | INFO | Generated certificate for Bhavya Prajapati: personalized_certs\bhavya_prajapati.pdf
2025-09-30 17:00:47,244 | INFO | Email sent to bhavya4phone@gmail.com with bhavya_prajapati.pdf
2025-09-30 17:00:48,426 | INFO | Generated certificate for Mayur Bhoi: personalized_certs\mayur_bhoi.pdf
2025-09-30 17:01:24,893 | INFO | Email sent to bhoimayur2411@gmail.com with mayur_bhoi.pdf
2025-09-30 17:01:26,085 | INFO | Generated certificate for Mauli Rohitkumar Chauhan: personalized_certs\mauli_rohitkumar_chauhan.pdf
2025-09-30 17:02:01,376 | INFO | Email sent to chauhanmauli83@gmail.com with mauli_rohitkumar_chauhan.pdf
2025-09-30 17:02:02,616 | INFO | Generated certificate for Mauli rohitkumar chauhan: personalized_certs\mauli_rohitkumar_chauhan.pdf
2025-09-30 17:02:38,579 | INFO | Email sent to chauhanmauli@gmail.com with mauli_rohitkumar_chauhan.pdf
2025-09-30 17:02:39,806 | INFO | Generated certificate for Tanmay Das: personalized_certs\tanmay_das.pdf
2025-09-30 17:03:15,296 | INFO | Email sent to cooltanmay02@gmail.com with tanmay_das.pdf
2025-09-30 17:03:16,498 | INFO | Generated certificate for Darsh Rangwala: personalized_certs\darsh_rangwala.pdf
2025-09-30 17:03:51,985 | INFO | Email sent to darshrangwala@gmail.com with darsh_rangwala.pdf
2025-09-30 17:03:53,191 | INFO | Generated certificate for Dattani Mitali: personalized_certs\dattani_mitali.pdf
2025-09-30 17:04:28,710 | INFO | Email sent to dattanimitali@gmail.com with dattani_mitali.pdf
2025-09-30 17:04:29,884 | INFO | Generated certificate for Yash Dave: personalized_certs\yash_dave.pdf
2025-09-30 17:05:05,595 | INFO | Email sent to daveyash326@gmail.com with yash_dave.pdf
2025-09-30 17:05:06,785 | INFO | Generated certificate for HARSHIL D DESAI: personalized_certs\harshil_d_desai.pdf
2025-09-30 17:05:42,193 | INFO | Email sent to desai.harshil2007@gmail.com with harshil_d_desai.pdf
2025-09-30 17:05:43,384 | INFO | Generated certificate for Shreya: personalized_certs\shreya.pdf
2025-09-30 17:06:19,755 | INFO | Email sent to deshmukh48shreya@gmail.com with shreya.pdf
2025-09-30 17:06:20,920 | INFO | Generated certificate for Devanshi Chaudhary: personalized_certs\devanshi_chaudhary.pdf
2025-09-30 17:06:55,483 | INFO | Email sent to devanshichaudhary06@gmail.com with devanshi_chaudhary.pdf
2025-09-30 17:06:56,677 | INFO | Generated certificate for Dhairya patel: personalized_certs\dhairya_patel.pdf
2025-09-30 17:07:31,509 | INFO | Email sent to dhairyapatel2065@gmail.com with dhairya_patel.pdf
2025-09-30 17:07:32,788 | INFO | Generated certificate for Dhir Vekariya: personalized_certs\dhir_vekariya.pdf
2025-09-30 17:08:09,174 | INFO | Email sent to dhirvek7@gmail.com with dhir_vekariya.pdf
2025-09-30 17:08:10,355 | INFO | Generated certificate for Dhruvanshi Nimeshkumar Shah: personalized_certs\dhruvanshi_nimeshkumar_shah.pdf
2025-09-30 17:08:44,852 | INFO | Email sent to dhruvanshishah1@gmail.com with dhruvanshi_nimeshkumar_shah.pdf
2025-09-30 17:08:46,038 | INFO | Generated certificate for Gohil Dhruv: personalized_certs\gohil_dhruv.pdf
2025-09-30 17:09:22,116 | INFO | Email sent to dhruvgohil1424@gmail.com with gohil_dhruv.pdf
2025-09-30 17:09:23,307 | INFO | Generated certificate for Dhruv Mahant: personalized_certs\dhruv_mahant.pdf
2025-09-30 17:10:00,887 | INFO | Email sent to dhruvmahant06@gmail.com with dhruv_mahant.pdf
2025-09-30 17:10:02,089 | INFO | Generated certificate for Divy soni: personalized_certs\divy_soni.pdf
2025-09-30 17:10:38,697 | INFO | Email sent to divy41248@gmail.com with divy_soni.pdf
2025-09-30 17:10:39,906 | INFO | Generated certificate for Diya Patel: personalized_certs\diya_patel.pdf
2025-09-30 17:11:14,123 | INFO | Email sent to diyapatell2812@gmail.com with diya_patel.pdf
2025-09-30 17:11:15,324 | INFO | Generated certificate for Freya Shah: personalized_certs\freya_shah.pdf
2025-09-30 17:11:50,004 | INFO | Email sent to freyashah42@gmail.com with freya_shah.pdf
2025-09-30 17:11:51,185 | INFO | Generated certificate for Harsh Parmar: personalized_certs\harsh_parmar.pdf
2025-09-30 17:12:25,498 | INFO | Email sent to harshparmar25706@gmail.com with harsh_parmar.pdf
2025-09-30 17:12:26,681 | INFO | Generated certificate for Het Bharatkumar Patel: personalized_certs\het_bharatkumar_patel.pdf
2025-09-30 17:13:02,235 | INFO | Email sent to hetp80362@gmail.com with het_bharatkumar_patel.pdf
2025-09-30 17:13:03,416 | INFO | Generated certificate for Himani Tilokani: personalized_certs\himani_tilokani.pdf
2025-09-30 17:13:39,887 | INFO | Email sent to himanitilokani7@gmail.com with himani_tilokani.pdf
2025-09-30 17:13:41,072 | INFO | Generated certificate for Patel Isha: personalized_certs\patel_isha.pdf
2025-09-30 17:14:18,261 | INFO | Email sent to isha.p2206@gmail.com with patel_isha.pdf
2025-09-30 17:14:19,490 | INFO | Generated certificate for Isha patel: personalized_certs\isha_patel.pdf
2025-09-30 17:14:54,653 | INFO | Email sent to ishapatel9b38@gmail.com with isha_patel.pdf
2025-09-30 17:14:55,858 | INFO | Generated certificate for Jahanvi Shah: personalized_certs\jahanvi_shah.pdf
2025-09-30 17:15:32,122 | INFO | Email sent to jahanvibshah@gmail.com with jahanvi_shah.pdf
2025-09-30 17:15:33,355 | INFO | Generated certificate for Janhavhi Mahadev More: personalized_certs\janhavhi_mahadev_more.pdf
2025-09-30 17:16:10,461 | INFO | Email sent to janhavhimore01@gmail.com with janhavhi_mahadev_more.pdf
2025-09-30 17:16:11,662 | INFO | Generated certificate for Jaydeepsinh Jadeja: personalized_certs\jaydeepsinh_jadeja.pdf
2025-09-30 17:16:45,806 | INFO | Email sent to jaydeepsinhjadeja2007@gmail.com with jaydeepsinh_jadeja.pdf
2025-09-30 17:16:47,119 | INFO | Generated certificate for Beldiya Jeet: personalized_certs\beldiya_jeet.pdf
2025-09-30 17:17:21,817 | INFO | Email sent to jeetbeladiya14@gmail.com with beldiya_jeet.pdf
2025-09-30 17:17:23,008 | INFO | Generated certificate for Jils patel: personalized_certs\jils_patel.pdf
2025-09-30 17:17:58,745 | INFO | Email sent to jilspatel0044@gmail.com with jils_patel.pdf
2025-09-30 17:17:59,945 | INFO | Generated certificate for Shaikh Kaif Nasirahmed: personalized_certs\shaikh_kaif_nasirahmed.pdf
2025-09-30 17:18:34,239 | INFO | Email sent to kaif2006opop@gmail.com with shaikh_kaif_nasirahmed.pdf
2025-09-30 17:18:35,414 | INFO | Generated certificate for Kakkad Harshil: personalized_certs\kakkad_harshil.pdf
2025-09-30 17:19:12,909 | INFO | Email sent to kakkadharshil1@gmail.com with kakkad_harshil.pdf
2025-09-30 17:19:14,099 | INFO | Generated certificate for Keshvee Tanna: personalized_certs\keshvee_tanna.pdf
2025-09-30 17:19:49,890 | INFO | Email sent to keshveetanna25@gmail.com with keshvee_tanna.pdf
2025-09-30 17:19:51,127 | INFO | Generated certificate for Keyur: personalized_certs\keyur.pdf
2025-09-30 17:20:28,381 | INFO | Email sent to keyurparmar923@gmail.com with keyur.pdf
2025-09-30 17:20:29,574 | INFO | Generated certificate for Khushi: personalized_certs\khushi.pdf
2025-09-30 17:21:04,070 | INFO | Email sent to khushikachhadiya2024@gmail.com with khushi.pdf
2025-09-30 17:21:05,261 | INFO | Generated certificate for Thakkar Khushi: personalized_certs\thakkar_khushi.pdf
2025-09-30 17:21:41,998 | INFO | Email sent to khushithakkar0210@gmail.com with thakkar_khushi.pdf
2025-09-30 17:21:43,212 | INFO | Generated certificate for Krish panchal: personalized_certs\krish_panchal.pdf
2025-09-30 17:22:18,501 | INFO | Email sent to krishpanchal1957@gmail.com with krish_panchal.pdf
2025-09-30 17:22:19,716 | INFO | Generated certificate for Krupa Prajapati: personalized_certs\krupa_prajapati.pdf
2025-09-30 17:22:54,180 | INFO | Email sent to krupaprajapati1011@gmail.com with krupa_prajapati.pdf
2025-09-30 17:22:55,376 | INFO | Generated certificate for Krupa Prajapati: personalized_certs\krupa_prajapati.pdf
2025-09-30 17:23:24,486 | ERROR | Failed for Krupa Prajapati <krupaprajapati6667@gmail.com>: Connection unexpectedly closed: [WinError 10053] An established connection was aborted by the software in your host machine
Traceback (most recent call last):
  File "C:\Program Files\Python313\Lib\smtplib.py", line 398, in getreply
    line = self.file.readline(_MAXLINE + 1)
  File "C:\Program Files\Python313\Lib\socket.py", line 719, in readinto
    return self._sock.recv_into(b)
           ~~~~~~~~~~~~~~~~~~~~^^^
  File "C:\Program Files\Python313\Lib\ssl.py", line 1304, in recv_into
    return self.read(nbytes, buffer)
           ~~~~~~~~~^^^^^^^^^^^^^^^^
  File "C:\Program Files\Python313\Lib\ssl.py", line 1138, in read
    return self._sslobj.read(len, buffer)
           ~~~~~~~~~~~~~~~~~^^^^^^^^^^^^^
ConnectionAbortedError: [WinError 10053] An established connection was aborted by the software in your host machine

During handling of the above exception, another exception occurred:

Traceback (most recent call last):
  File "C:\Users\Ashu\Desktop\Coding\Certification Script\main.py", line 214, in main
    send_email(email, subject_text, body_text, cert_path, attach=(not args.no_attach), smtp_debug=args.smtp_debug)
    ~~~~~~~~~~^^^^^^^^^^^^^^^^^^^^^^^^^^^^^^^^^^^^^^^^^^^^^^^^^^^^^^^^^^^^^^^^^^^^^^^^^^^^^^^^^^^^^^^^^^^^^^^^^^^^
  File "C:\Users\Ashu\Desktop\Coding\Certification Script\main.py", line 144, in send_email
    server.send_message(msg)
    ~~~~~~~~~~~~~~~~~~~^^^^^
  File "C:\Program Files\Python313\Lib\smtplib.py", line 975, in send_message
    return self.sendmail(from_addr, to_addrs, flatmsg, mail_options,
           ~~~~~~~~~~~~~^^^^^^^^^^^^^^^^^^^^^^^^^^^^^^^^^^^^^^^^^^^^
                         rcpt_options)
                         ^^^^^^^^^^^^^
  File "C:\Program Files\Python313\Lib\smtplib.py", line 891, in sendmail
    (code, resp) = self.data(msg)
                   ~~~~~~~~~^^^^^
  File "C:\Program Files\Python313\Lib\smtplib.py", line 580, in data
    (code, msg) = self.getreply()
                  ~~~~~~~~~~~~~^^
  File "C:\Program Files\Python313\Lib\smtplib.py", line 401, in getreply
    raise SMTPServerDisconnected("Connection unexpectedly closed: "
                                 + str(e))
smtplib.SMTPServerDisconnected: Connection unexpectedly closed: [WinError 10053] An established connection was aborted by the software in your host machine
2025-09-30 17:23:26,222 | INFO | Generated certificate for Krutarth Shah: personalized_certs\krutarth_shah.pdf
2025-09-30 17:24:06,311 | INFO | Email sent to krutarthshah2006@gmail.com with krutarth_shah.pdf
2025-09-30 17:24:07,453 | INFO | Generated certificate for Atharva Kulkarni: personalized_certs\atharva_kulkarni.pdf
2025-09-30 17:24:45,995 | INFO | Email sent to kulkarniatharva529@gmail.com with atharva_kulkarni.pdf
2025-09-30 17:24:47,192 | INFO | Generated certificate for Kush Patel: personalized_certs\kush_patel.pdf
2025-09-30 17:25:26,843 | INFO | Email sent to kushpatel0700@gmail.com with kush_patel.pdf
2025-09-30 17:25:28,086 | INFO | Generated certificate for Jatin Maheshwari: personalized_certs\jatin_maheshwari.pdf
2025-09-30 17:26:04,589 | INFO | Email sent to maheshwarijatin80@gmail.com with jatin_maheshwari.pdf
2025-09-30 17:26:05,877 | INFO | Generated certificate for Malav Gandhi: personalized_certs\malav_gandhi.pdf
2025-09-30 17:26:42,914 | INFO | Email sent to malav.gandhi15@outlook.com with malav_gandhi.pdf
2025-09-30 17:26:44,051 | INFO | Generated certificate for Manushi Pancholi: personalized_certs\manushi_pancholi.pdf
2025-09-30 17:27:29,890 | INFO | Email sent to manushi.pancholi06@gmail.com with manushi_pancholi.pdf
2025-09-30 17:27:31,113 | INFO | Generated certificate for Mayank Gohil: personalized_certs\mayank_gohil.pdf
2025-09-30 17:28:06,127 | INFO | Email sent to mayankumar.gohil6474@gmail.com with mayank_gohil.pdf
2025-09-30 17:28:07,402 | INFO | Generated certificate for meet prajapati: personalized_certs\meet_prajapati.pdf
2025-09-30 17:28:46,082 | INFO | Email sent to meetprajapati150109@gmail.com with meet_prajapati.pdf
2025-09-30 17:28:47,250 | INFO | Generated certificate for Mit Vaghani: personalized_certs\mit_vaghani.pdf
2025-09-30 17:29:23,232 | INFO | Email sent to meetvaghani0104@gmail.com with mit_vaghani.pdf
2025-09-30 17:29:24,479 | INFO | Generated certificate for Het Mehta: personalized_certs\het_mehta.pdf
2025-09-30 17:30:00,672 | INFO | Email sent to mehtahet39@gmail.com with het_mehta.pdf
2025-09-30 17:30:01,955 | INFO | Generated certificate for Miral Divyeshbhai Bhalani: personalized_certs\miral_divyeshbhai_bhalani.pdf
2025-09-30 17:30:41,083 | INFO | Email sent to miralbhalani2020@gmail.com with miral_divyeshbhai_bhalani.pdf
2025-09-30 17:30:42,343 | INFO | Generated certificate for Sonigara Manthan Kamlesh: personalized_certs\sonigara_manthan_kamlesh.pdf
2025-09-30 17:31:18,187 | INFO | Email sent to mksonigara21@gmail.com with sonigara_manthan_kamlesh.pdf
2025-09-30 17:31:19,446 | INFO | Generated certificate for Akash Maurya: personalized_certs\akash_maurya.pdf
2025-09-30 17:31:56,924 | INFO | Email sent to mrakashh0401@gmail.com with akash_maurya.pdf
2025-09-30 17:31:58,185 | INFO | Generated certificate for Neev Vaghani: personalized_certs\neev_vaghani.pdf
2025-09-30 17:32:36,626 | INFO | Email sent to n.vaghani.p@gmail.com with neev_vaghani.pdf
2025-09-30 17:32:37,910 | INFO | Generated certificate for Shah Neel Mayurkumar: personalized_certs\shah_neel_mayurkumar.pdf
2025-09-30 17:33:14,205 | INFO | Email sent to neelshah1783@gmail.com with shah_neel_mayurkumar.pdf
2025-09-30 17:33:15,470 | INFO | Generated certificate for Neev Patel: personalized_certs\neev_patel.pdf
2025-09-30 17:33:51,884 | INFO | Email sent to neev21patel@gmail.com with neev_patel.pdf
2025-09-30 17:33:53,161 | INFO | Generated certificate for Patel Nehanshi: personalized_certs\patel_nehanshi.pdf
2025-09-30 17:34:28,735 | INFO | Email sent to nehanshipatel7@gmail.com with patel_nehanshi.pdf
2025-09-30 17:34:30,080 | INFO | Generated certificate for Shah nidhi brajeshkumar: personalized_certs\shah_nidhi_brajeshkumar.pdf
2025-09-30 17:35:06,879 | INFO | Email sent to nidhishah19097@gmail.com with shah_nidhi_brajeshkumar.pdf
2025-09-30 17:35:08,288 | INFO | Generated certificate for NITYA Shah: personalized_certs\nitya_shah.pdf
2025-09-30 17:36:36,036 | ERROR | Failed for NITYA Shah <nityashah07072006@gmail.com>: Connection unexpectedly closed: [WinError 10054] An existing connection was forcibly closed by the remote host
Traceback (most recent call last):
  File "C:\Program Files\Python313\Lib\smtplib.py", line 398, in getreply
    line = self.file.readline(_MAXLINE + 1)
  File "C:\Program Files\Python313\Lib\socket.py", line 719, in readinto
    return self._sock.recv_into(b)
           ~~~~~~~~~~~~~~~~~~~~^^^
  File "C:\Program Files\Python313\Lib\ssl.py", line 1304, in recv_into
    return self.read(nbytes, buffer)
           ~~~~~~~~~^^^^^^^^^^^^^^^^
  File "C:\Program Files\Python313\Lib\ssl.py", line 1138, in read
    return self._sslobj.read(len, buffer)
           ~~~~~~~~~~~~~~~~~^^^^^^^^^^^^^
ConnectionResetError: [WinError 10054] An existing connection was forcibly closed by the remote host

During handling of the above exception, another exception occurred:

Traceback (most recent call last):
  File "C:\Users\Ashu\Desktop\Coding\Certification Script\main.py", line 214, in main
    send_email(email, subject_text, body_text, cert_path, attach=(not args.no_attach), smtp_debug=args.smtp_debug)
    ~~~~~~~~~~^^^^^^^^^^^^^^^^^^^^^^^^^^^^^^^^^^^^^^^^^^^^^^^^^^^^^^^^^^^^^^^^^^^^^^^^^^^^^^^^^^^^^^^^^^^^^^^^^^^^
  File "C:\Users\Ashu\Desktop\Coding\Certification Script\main.py", line 144, in send_email
    server.send_message(msg)
    ~~~~~~~~~~~~~~~~~~~^^^^^
  File "C:\Program Files\Python313\Lib\smtplib.py", line 975, in send_message
    return self.sendmail(from_addr, to_addrs, flatmsg, mail_options,
           ~~~~~~~~~~~~~^^^^^^^^^^^^^^^^^^^^^^^^^^^^^^^^^^^^^^^^^^^^
                         rcpt_options)
                         ^^^^^^^^^^^^^
  File "C:\Program Files\Python313\Lib\smtplib.py", line 891, in sendmail
    (code, resp) = self.data(msg)
                   ~~~~~~~~~^^^^^
  File "C:\Program Files\Python313\Lib\smtplib.py", line 580, in data
    (code, msg) = self.getreply()
                  ~~~~~~~~~~~~~^^
  File "C:\Program Files\Python313\Lib\smtplib.py", line 401, in getreply
    raise SMTPServerDisconnected("Connection unexpectedly closed: "
                                 + str(e))
smtplib.SMTPServerDisconnected: Connection unexpectedly closed: [WinError 10054] An existing connection was forcibly closed by the remote host
2025-09-30 17:36:37,579 | INFO | Generated certificate for OM ADHYARU: personalized_certs\om_adhyaru.pdf
2025-09-30 17:37:15,766 | INFO | Email sent to omadhyaru2007@gmail.com with om_adhyaru.pdf
2025-09-30 17:37:17,104 | INFO | Generated certificate for Mahir Parekh: personalized_certs\mahir_parekh.pdf
2025-09-30 17:37:52,321 | INFO | Email sent to parekhmahir14@gmail.com with mahir_parekh.pdf
2025-09-30 17:37:53,592 | INFO | Generated certificate for Vishwa Parekh: personalized_certs\vishwa_parekh.pdf
2025-09-30 17:38:30,235 | INFO | Email sent to parekhvishwa44@gmail.com with vishwa_parekh.pdf
2025-09-30 17:38:31,496 | INFO | Generated certificate for Parmar Om Kiransinh: personalized_certs\parmar_om_kiransinh.pdf
2025-09-30 17:39:09,255 | INFO | Email sent to parmaro181@gmail.com with parmar_om_kiransinh.pdf
2025-09-30 17:39:10,533 | INFO | Generated certificate for Parthiv  Bhatiya: personalized_certs\parthiv__bhatiya.pdf
2025-09-30 17:39:48,033 | INFO | Email sent to parthivbhatiya2412@gmail.com with parthiv__bhatiya.pdf
2025-09-30 17:39:49,349 | INFO | Generated certificate for Patel Parthkumar Amrutbhai: personalized_certs\patel_parthkumar_amrutbhai.pdf
2025-09-30 17:40:27,046 | INFO | Email sent to parthpatel71791@gmail.com with patel_parthkumar_amrutbhai.pdf
2025-09-30 17:40:28,294 | INFO | Generated certificate for Parth Thakkar: personalized_certs\parth_thakkar.pdf
2025-09-30 17:41:06,206 | INFO | Email sent to parththakkar1907@gmail.com with parth_thakkar.pdf
2025-09-30 17:41:07,341 | INFO | Generated certificate for Patel Het Bharatbhai: personalized_certs\patel_het_bharatbhai.pdf
2025-09-30 17:41:43,948 | INFO | Email sent to patel131106@gmail.com with patel_het_bharatbhai.pdf
2025-09-30 17:41:45,214 | INFO | Generated certificate for Heer patel: personalized_certs\heer_patel.pdf
2025-09-30 17:42:22,348 | INFO | Email sent to patelheer25407@gmail.com with heer_patel.pdf
2025-09-30 17:42:23,607 | INFO | Generated certificate for Jainil Patel: personalized_certs\jainil_patel.pdf
2025-09-30 17:43:07,417 | INFO | Email sent to pateljainil14000@gmail.com with jainil_patel.pdf
2025-09-30 17:43:08,676 | INFO | Generated certificate for Kavya Patel: personalized_certs\kavya_patel.pdf
2025-09-30 17:43:50,003 | INFO | Email sent to patelkavya671@gmail.com with kavya_patel.pdf
2025-09-30 17:43:51,203 | INFO | Generated certificate for Patel Rudra: personalized_certs\patel_rudra.pdf
2025-09-30 17:44:27,646 | INFO | Email sent to patelmanojkumar2108@gmail.com with patel_rudra.pdf
2025-09-30 17:44:28,908 | INFO | Generated certificate for Patel Parth M: personalized_certs\patel_parth_m.pdf
2025-09-30 17:47:11,426 | ERROR | Failed for Patel Parth M <patelparth01304@gmail.com>: Connection unexpectedly closed: [WinError 10053] An established connection was aborted by the software in your host machine
Traceback (most recent call last):
  File "C:\Program Files\Python313\Lib\smtplib.py", line 398, in getreply
    line = self.file.readline(_MAXLINE + 1)
  File "C:\Program Files\Python313\Lib\socket.py", line 719, in readinto
    return self._sock.recv_into(b)
           ~~~~~~~~~~~~~~~~~~~~^^^
  File "C:\Program Files\Python313\Lib\ssl.py", line 1304, in recv_into
    return self.read(nbytes, buffer)
           ~~~~~~~~~^^^^^^^^^^^^^^^^
  File "C:\Program Files\Python313\Lib\ssl.py", line 1138, in read
    return self._sslobj.read(len, buffer)
           ~~~~~~~~~~~~~~~~~^^^^^^^^^^^^^
ConnectionAbortedError: [WinError 10053] An established connection was aborted by the software in your host machine

During handling of the above exception, another exception occurred:

Traceback (most recent call last):
  File "C:\Users\Ashu\Desktop\Coding\Certification Script\main.py", line 214, in main
    send_email(email, subject_text, body_text, cert_path, attach=(not args.no_attach), smtp_debug=args.smtp_debug)
    ~~~~~~~~~~^^^^^^^^^^^^^^^^^^^^^^^^^^^^^^^^^^^^^^^^^^^^^^^^^^^^^^^^^^^^^^^^^^^^^^^^^^^^^^^^^^^^^^^^^^^^^^^^^^^^
  File "C:\Users\Ashu\Desktop\Coding\Certification Script\main.py", line 144, in send_email
    server.send_message(msg)
    ~~~~~~~~~~~~~~~~~~~^^^^^
  File "C:\Program Files\Python313\Lib\smtplib.py", line 975, in send_message
    return self.sendmail(from_addr, to_addrs, flatmsg, mail_options,
           ~~~~~~~~~~~~~^^^^^^^^^^^^^^^^^^^^^^^^^^^^^^^^^^^^^^^^^^^^
                         rcpt_options)
                         ^^^^^^^^^^^^^
  File "C:\Program Files\Python313\Lib\smtplib.py", line 891, in sendmail
    (code, resp) = self.data(msg)
                   ~~~~~~~~~^^^^^
  File "C:\Program Files\Python313\Lib\smtplib.py", line 580, in data
    (code, msg) = self.getreply()
                  ~~~~~~~~~~~~~^^
  File "C:\Program Files\Python313\Lib\smtplib.py", line 401, in getreply
    raise SMTPServerDisconnected("Connection unexpectedly closed: "
                                 + str(e))
smtplib.SMTPServerDisconnected: Connection unexpectedly closed: [WinError 10053] An established connection was aborted by the software in your host machine
2025-09-30 17:47:13,212 | INFO | Generated certificate for Prakruti Patel: personalized_certs\prakruti_patel.pdf
2025-09-30 17:47:50,791 | INFO | Email sent to patelprakruti702@gmail.com with prakruti_patel.pdf
2025-09-30 17:47:51,927 | INFO | Generated certificate for PATEL TITHI: personalized_certs\patel_tithi.pdf
2025-09-30 17:48:27,503 | INFO | Email sent to pateltithi0205@gmail.com with patel_tithi.pdf
2025-09-30 17:48:28,660 | INFO | Generated certificate for Patel Ved Chirag: personalized_certs\patel_ved_chirag.pdf
2025-09-30 17:49:04,836 | INFO | Email sent to patelvedchirag@gmail.com with patel_ved_chirag.pdf
2025-09-30 17:49:05,967 | INFO | Generated certificate for Prachi J Chauhan: personalized_certs\prachi_j_chauhan.pdf
2025-09-30 17:49:42,787 | INFO | Email sent to prachichau63@gmail.com with prachi_j_chauhan.pdf
2025-09-30 17:49:43,923 | INFO | Generated certificate for Prachi Jha: personalized_certs\prachi_jha.pdf
2025-09-30 17:50:21,215 | INFO | Email sent to prachijha757@gmail.com with prachi_jha.pdf
2025-09-30 17:50:22,366 | INFO | Generated certificate for Kunjan Prajapati: personalized_certs\kunjan_prajapati.pdf
2025-09-30 17:50:57,846 | INFO | Email sent to prajapatikunjan631@gmail.com with kunjan_prajapati.pdf
2025-09-30 17:50:58,976 | INFO | Generated certificate for PRAJAPATI TAKSHKUMAR MUKESHKUMAR: personalized_certs\prajapati_takshkumar_mukeshkumar.pdf
2025-09-30 17:51:35,962 | INFO | Email sent to prajapatitaksh209@gmail.com with prajapati_takshkumar_mukeshkumar.pdf
2025-09-30 17:51:37,092 | INFO | Generated certificate for Pranav J Bhatt: personalized_certs\pranav_j_bhatt.pdf
2025-09-30 17:52:13,998 | INFO | Email sent to pranavjbhatt21@gmail.com with pranav_j_bhatt.pdf
2025-09-30 17:52:15,144 | INFO | Generated certificate for Prem Shekhawat: personalized_certs\prem_shekhawat.pdf
2025-09-30 17:52:49,235 | INFO | Email sent to premshekhawat2006@gmail.com with prem_shekhawat.pdf
2025-09-30 17:52:50,371 | INFO | Generated certificate for Priyanshu Shukla: personalized_certs\priyanshu_shukla.pdf
2025-09-30 17:53:27,533 | INFO | Email sent to priyanshushukla855@gmail.com with priyanshu_shukla.pdf
2025-09-30 17:53:28,674 | INFO | Generated certificate for Purvish Chhatriwala: personalized_certs\purvish_chhatriwala.pdf
2025-09-30 17:54:03,512 | INFO | Email sent to purvishchhatriwala9@gmail.com with purvish_chhatriwala.pdf
2025-09-30 17:54:04,637 | INFO | Generated certificate for Padhiyar Pushparajsinh Ashokkumar: personalized_certs\padhiyar_pushparajsinh_ashokkumar.pdf
2025-09-30 17:54:39,623 | INFO | Email sent to pushparajpadhiyar24@gmail.com with padhiyar_pushparajsinh_ashokkumar.pdf
2025-09-30 17:54:40,813 | INFO | Generated certificate for Rahul Samariya: personalized_certs\rahul_samariya.pdf
2025-09-30 17:55:17,066 | INFO | Email sent to rahulsamariya008@gmail.com with rahul_samariya.pdf
2025-09-30 17:55:18,253 | INFO | Generated certificate for Rana sujal pinakin: personalized_certs\rana_sujal_pinakin.pdf
2025-09-30 17:55:54,987 | INFO | Email sent to rana.sujal2612@gmail.com with rana_sujal_pinakin.pdf
2025-09-30 17:55:56,194 | INFO | Generated certificate for Raj Dhrumil: personalized_certs\raj_dhrumil.pdf
2025-09-30 17:56:34,003 | INFO | Email sent to rdhrumil0@gmail.com with raj_dhrumil.pdf
2025-09-30 17:56:35,335 | INFO | Generated certificate for Manasvi Trivedi: personalized_certs\manasvi_trivedi.pdf
2025-09-30 17:57:12,605 | INFO | Email sent to reach2manasvi@gmail.com with manasvi_trivedi.pdf
2025-09-30 17:57:13,848 | INFO | Generated certificate for Riddhi patel: personalized_certs\riddhi_patel.pdf
2025-09-30 17:57:50,764 | INFO | Email sent to riddhidpatel2008@gmail.com with riddhi_patel.pdf
2025-09-30 17:57:51,958 | INFO | Generated certificate for Ritesh Tolani: personalized_certs\ritesh_tolani.pdf
2025-09-30 17:58:27,409 | INFO | Email sent to riteshtolani0905@gmail.com with ritesh_tolani.pdf
2025-09-30 17:58:28,610 | INFO | Generated certificate for Rudra Patel: personalized_certs\rudra_patel.pdf
2025-09-30 17:59:07,237 | INFO | Email sent to rmpatel@gmail.com with rudra_patel.pdf
2025-09-30 17:59:08,416 | INFO | Generated certificate for Rudra P Dabhi: personalized_certs\rudra_p_dabhi.pdf
2025-09-30 17:59:44,055 | INFO | Email sent to rudrapravinsinhdabhi@gmail.com with rudra_p_dabhi.pdf
2025-09-30 17:59:45,251 | INFO | Generated certificate for Sadhu Riddhi: personalized_certs\sadhu_riddhi.pdf
2025-09-30 18:00:21,079 | INFO | Email sent to sadhuriddhi15@gmail.com with sadhu_riddhi.pdf
2025-09-30 18:00:22,328 | INFO | Generated certificate for Sampada Sabnis: personalized_certs\sampada_sabnis.pdf
2025-09-30 18:01:00,238 | INFO | Email sent to sam.manu109@gmail.com with sampada_sabnis.pdf
2025-09-30 18:01:01,369 | INFO | Generated certificate for Saumya Patel: personalized_certs\saumya_patel.pdf
2025-09-30 18:01:42,120 | INFO | Email sent to saumyapatel77777@gmail.com with saumya_patel.pdf
2025-09-30 18:01:43,310 | INFO | Generated certificate for Krrish Shah: personalized_certs\krrish_shah.pdf
2025-09-30 18:02:19,464 | INFO | Email sent to shahkrrish2006@gmail.com with krrish_shah.pdf
2025-09-30 18:02:20,576 | INFO | Generated certificate for Rishabh shah: personalized_certs\rishabh_shah.pdf
2025-09-30 18:03:00,923 | INFO | Email sent to shahricky4314332@gmail.com with rishabh_shah.pdf
2025-09-30 18:03:02,063 | INFO | Generated certificate for Geet: personalized_certs\geet.pdf
2025-09-30 18:03:39,776 | INFO | Email sent to sharmageetyash99@gmail.com with geet.pdf
2025-09-30 18:03:40,956 | INFO | Generated certificate for Sharman Rawat: personalized_certs\sharman_rawat.pdf
2025-09-30 18:04:18,471 | INFO | Email sent to sharmanrawat495@gmail.com with sharman_rawat.pdf
2025-09-30 18:04:19,689 | INFO | Generated certificate for Aesha Shah: personalized_certs\aesha_shah.pdf
2025-09-30 18:04:54,938 | INFO | Email sent to shash56212@gmail.com with aesha_shah.pdf
2025-09-30 18:04:56,156 | INFO | Generated certificate for Shlok Patel: personalized_certs\shlok_patel.pdf
2025-09-30 18:05:31,598 | INFO | Email sent to shlok.uttam.sep2006@gmail.com with shlok_patel.pdf
2025-09-30 18:05:32,772 | INFO | Generated certificate for Siddharth Jena: personalized_certs\siddharth_jena.pdf
2025-09-30 18:06:09,896 | INFO | Email sent to siddharthjena2007@gmail.com with siddharth_jena.pdf
2025-09-30 18:06:11,086 | INFO | Generated certificate for Smit Bheda: personalized_certs\smit_bheda.pdf
2025-09-30 18:06:47,271 | INFO | Email sent to smitbheda07@gmail.com with smit_bheda.pdf
2025-09-30 18:06:48,424 | INFO | Generated certificate for Smit Kharva: personalized_certs\smit_kharva.pdf
2025-09-30 18:07:23,589 | INFO | Email sent to smitkharva6@gmail.com with smit_kharva.pdf
2025-09-30 18:07:24,745 | INFO | Generated certificate for Taha Bardanwala: personalized_certs\taha_bardanwala.pdf
2025-09-30 18:07:58,809 | INFO | Email sent to tahabardanwala53@gmail.com with taha_bardanwala.pdf
2025-09-30 18:07:59,948 | INFO | Generated certificate for Kokas Tanvi: personalized_certs\kokas_tanvi.pdf
2025-09-30 18:08:36,851 | INFO | Email sent to tanvikokas17@gmail.com with kokas_tanvi.pdf
2025-09-30 18:08:37,985 | INFO | Generated certificate for Teerth Patel: personalized_certs\teerth_patel.pdf
2025-09-30 18:09:13,858 | INFO | Email sent to teerthpatel1091@gmail.com with teerth_patel.pdf
2025-09-30 18:09:15,001 | INFO | Generated certificate for Krrish Thakkar: personalized_certs\krrish_thakkar.pdf
2025-09-30 18:09:52,014 | INFO | Email sent to thakkarkrrish33@gmail.com with krrish_thakkar.pdf
2025-09-30 18:09:53,151 | INFO | Generated certificate for Thakkar Sweni Jayendrabhai: personalized_certs\thakkar_sweni_jayendrabhai.pdf
2025-09-30 18:10:29,783 | INFO | Email sent to thakkarsweni29@gmail.com with thakkar_sweni_jayendrabhai.pdf
2025-09-30 18:10:30,918 | INFO | Generated certificate for Ved Parekh: personalized_certs\ved_parekh.pdf
2025-09-30 18:11:07,992 | INFO | Email sent to thevedparekh@gmail.com with ved_parekh.pdf
2025-09-30 18:11:09,112 | INFO | Generated certificate for Tirth Darji: personalized_certs\tirth_darji.pdf
2025-09-30 18:11:44,739 | INFO | Email sent to tirthdarji1911@gmail.com with tirth_darji.pdf
2025-09-30 18:11:45,930 | INFO | Generated certificate for Vatsal patel: personalized_certs\vatsal_patel.pdf
2025-09-30 18:12:22,531 | INFO | Email sent to vatsalpatel13092006@gmail.com with vatsal_patel.pdf
2025-09-30 18:12:23,715 | INFO | Generated certificate for Vedant Suthar: personalized_certs\vedant_suthar.pdf
2025-09-30 18:12:59,286 | INFO | Email sent to vedant142326@gmail.com with vedant_suthar.pdf
2025-09-30 18:13:00,435 | INFO | Generated certificate for Vedant: personalized_certs\vedant.pdf
2025-09-30 18:13:37,175 | INFO | Email sent to vedantdalal7116@gmail.com with vedant.pdf
2025-09-30 18:13:38,309 | INFO | Generated certificate for Jiya Vimal Dixit: personalized_certs\jiya_vimal_dixit.pdf
2025-09-30 18:14:14,755 | INFO | Email sent to vimal14020@gmail.com with jiya_vimal_dixit.pdf
2025-09-30 18:14:15,888 | INFO | Generated certificate for SUTHAR VRAJ SANDEEPBHAI: personalized_certs\suthar_vraj_sandeepbhai.pdf
2025-09-30 18:14:50,183 | INFO | Email sent to vrajsuthar1805@gmail.com with suthar_vraj_sandeepbhai.pdf
2025-09-30 18:14:51,401 | INFO | Generated certificate for Yash Majmudar: personalized_certs\yash_majmudar.pdf
2025-09-30 18:15:29,710 | INFO | Email sent to yashmajmudar04@gmail.com with yash_majmudar.pdf
2025-09-30 18:15:30,837 | INFO | Generated certificate for Yash Panchal: personalized_certs\yash_panchal.pdf
2025-09-30 18:16:05,857 | INFO | Email sent to ynp9662@gmail.com with yash_panchal.pdf
2025-09-30 18:16:06,993 | INFO | Generated certificate for Yug Patel: personalized_certs\yug_patel.pdf
2025-09-30 18:16:41,900 | INFO | Email sent to yug.patel0206@gmail.com with yug_patel.pdf
